<?xml version="1.0" encoding="UTF-8"?>
<!-- Generated by org.testng.reporters.JUnitReportReporter -->
<testsuite hostname="AIS-BOM-FB-17" failures="0" tests="7" name="com.travalab.appointment.Appointment" time="170.938" errors="0" timestamp="2023-01-23T22:39:12 IST" skipped="0">
  <testcase classname="com.travalab.appointment.Appointment" name="TC1Appointments" time="22.902"/>
  <system-out/>
  <testcase classname="com.travalab.appointment.Appointment" name="TC2Appointments" time="26.612"/>
  <system-out/>
  <testcase classname="com.travalab.appointment.Appointment" name="TC3Appointments" time="24.510"/>
  <system-out/>
  <testcase classname="com.travalab.appointment.Appointment" name="TC4Appointments" time="24.016"/>
  <system-out/>
  <testcase classname="com.travalab.appointment.Appointment" name="TC5Appointments" time="24.091"/>
  <system-out/>
  <testcase classname="com.travalab.appointment.Appointment" name="TC6Appointments" time="24.760"/>
  <system-out/>
  <testcase classname="com.travalab.appointment.Appointment" name="TC7Appointments" time="24.047"/>
  <system-out/>
</testsuite> <!-- com.travalab.appointment.Appointment -->
